<?xml version="1.0" encoding="UTF-8"?>
<!-- Generated by org.testng.reporters.JUnitXMLReporter -->
<testsuite hostname="DESKTOP-JNP70RV" name="Test" tests="1" failures="0" timestamp="10 May 2018 05:05:59 GMT" time="0.464" errors="0">
  <testcase name="@BeforeClass driver_runner" time="0.0" classname="maven.fmwork.cucumberrunnertest">
    <failure type="java.lang.NoSuchMethodError" message="com.google.common.base.Preconditions.checkState(ZLjava/lang/String;Ljava/lang/Object;Ljava/lang/Object;Ljava/lang/Object;)V">
      <![CDATA[java.lang.NoSuchMethodError: com.google.common.base.Preconditions.checkState(ZLjava/lang/String;Ljava/lang/Object;Ljava/lang/Object;Ljava/lang/Object;)V
	at org.openqa.selenium.remote.service.DriverService.findExecutable(DriverService.java:124)
	at org.openqa.selenium.chrome.ChromeDriverService.access$000(ChromeDriverService.java:32)
	at org.openqa.selenium.chrome.ChromeDriverService$Builder.findDefaultExecutable(ChromeDriverService.java:137)
	at org.openqa.selenium.remote.service.DriverService$Builder.build(DriverService.java:339)
	at org.openqa.selenium.chrome.ChromeDriverService.createDefaultService(ChromeDriverService.java:88)
	at org.openqa.selenium.chrome.ChromeDriver.<init>(ChromeDriver.java:123)
	at maven.fmwork.driverfactory.launchbrowser(driverfactory.java:14)
	at maven.fmwork.cucumberrunnertest.driver_runner(cucumberrunnertest.java:27)
... Removed 24 stack frames]]>
    </failure>
  </testcase> <!-- @BeforeClass driver_runner -->
  <testcase name="feature" time="0.001" classname="maven.fmwork.cucumberrunnertest">
    <skipped/>
  </testcase> <!-- feature -->
</testsuite> <!-- Test -->
